<!DOCTYPE html PUBLIC "-//W3C//DTD XHTML 1.1//EN" "https://www.w3.org/TR/xhtml11/DTD/xhtml11.dtd">
<html xmlns="https://www.w3.org/1999/xhtml">
<head>
<meta charset='utf-8'>
<title>TestNG Report</title>
<style type="text/css">
table {margin-bottom:10px;border-collapse:collapse;empty-cells:show}
td,th {border:1px solid #009;padding:.25em .5em}
.result th {vertical-align:bottom}
.param th {padding-left:1em;padding-right:1em}
.param td {padding-left:.5em;padding-right:2em}
.stripe td,.stripe th {background-color: #E6EBF9}
.numi,.numi_attn {text-align:right}
.total td {font-weight:bold}
.passedodd td {background-color: #0A0}
.passedeven td {background-color: #3F3}
.skippedodd td {background-color: #CCC}
.skippedodd td {background-color: #DDD}
.failedodd td,.numi_attn {background-color: #F33}
.failedeven td,.stripe .numi_attn {background-color: #D00}
.stacktrace {white-space:pre;font-family:monospace}
.totop {font-size:85%;text-align:center;border-bottom:2px solid #000}
</style>
</head>
<body>
<table cellspacing="0" cellpadding="0" class="testOverview">
<tr><th>Test</th><th>Methods<br/>Passed</th><th>Scenarios<br/>Passed</th><th># skipped</th><th># failed</th><th>Total<br/>Time</th><th>Included<br/>Groups</th><th>Excluded<br/>Groups</th></tr>
<tr><td style="text-align:left;padding-right:2em"><a href="#t1">G:/Java WorkSpace/seleniumRevision</a></td><td class="numi">7</td><td class="numi">7</td><td class="numi">0</td><td class="numi_attn">2</td><td class="numi">0.7 seconds</td><td class="numi"></td><td class="numi"></td></tr>
</table>
<table cellspacing="0" cellpadding="0" class="methodOverview" id="summary">
<tr><th>Class</th><th>Method</th><th># of<br/>Scenarios</th><th>Start</th><th>Time<br/>(ms)</th></tr>
<tr id="t1"><th colspan="5">G:/Java WorkSpace/seleniumRevision &#8212; failed</th></tr>
<tr class="failedodd"><td>testNG.dependencyTest</td><td><a href="#m1"><b>startCar</b>  </a></td><td class="numi">1</td><td>1690568406396</td><td class="numi">87</td></tr>
<tr class="failedeven"><td>testNG.secondTestCase</td><td><a href="#m2"><b>searchCustomer</b>  </a></td><td class="numi">1</td><td>1690568406514</td><td class="numi">84</td></tr>
<tr><th colspan="5">G:/Java WorkSpace/seleniumRevision &#8212; passed</th></tr>
<tr class="passedodd"><td>testNG.firstTestCase</td><td><a href="#m3"><b>login</b>  </a></td><td class="numi">1</td><td>1690568406501</td><td class="numi">1</td></tr>
<tr class="passedeven"><td>testNG.secondTestCase</td><td><a href="#m4"><b>addCustomer</b>  </a></td><td class="numi">1</td><td>1690568406511</td><td class="numi">1</td></tr>
<tr class="passedodd"><td rowspan="4">testNG.firstTestCase</td><td><a href="#m5"><b>setup</b>  </a></td><td class="numi">1</td><td>1690568406499</td><td class="numi">1</td></tr><tr class="passedodd"><td><a href="#m6"><b>teerDown</b>  </a></td><td class="numi">1</td><td>1690568406504</td><td class="numi">1</td></tr><tr class="passedodd"><td><a href="#m7"><b>testfive</b>  </a></td><td class="numi">1</td><td>1690568406506</td><td class="numi">1</td></tr><tr class="passedodd"><td><a href="#m8"><b>testsix</b>  </a></td><td class="numi">1</td><td>1690568406509</td><td class="numi">0</td></tr>
<tr class="passedeven"><td>testNG.secondTestCase</td><td><a href="#m9"><b>deleteCustomer</b>  </a></td><td class="numi">1</td><td>1690568406611</td><td class="numi">11</td></tr>
</table>
<h1>G:/Java WorkSpace/seleniumRevision</h1>
<h2 id="m1">testNG.dependencyTest:startCar</h2>
<div>
<div class="stacktrace">java.lang.AssertionError: null
	at org.testng.Assert.fail(Assert.java:110)
	at org.testng.Assert.fail(Assert.java:115)
	at testNG.dependencyTest.startCar(dependencyTest.java:11)
	at java.base/jdk.internal.reflect.DirectMethodHandleAccessor.invoke(DirectMethodHandleAccessor.java:104)
	at java.base/java.lang.reflect.Method.invoke(Method.java:577)
	at org.testng.internal.invokers.MethodInvocationHelper.invokeMethod(MethodInvocationHelper.java:139)
	at org.testng.internal.invokers.TestInvoker.invokeMethod(TestInvoker.java:677)
	at org.testng.internal.invokers.TestInvoker.invokeTestMethod(TestInvoker.java:221)
	at org.testng.internal.invokers.MethodRunner.runInSequence(MethodRunner.java:50)
	at org.testng.internal.invokers.TestInvoker$MethodInvocationAgent.invoke(TestInvoker.java:969)
	at org.testng.internal.invokers.TestInvoker.invokeTestMethods(TestInvoker.java:194)
	at org.testng.internal.invokers.TestMethodWorker.invokeTestMethods(TestMethodWorker.java:148)
	at org.testng.internal.invokers.TestMethodWorker.run(TestMethodWorker.java:128)
	at java.base/java.util.ArrayList.forEach(ArrayList.java:1511)
	at org.testng.TestRunner.privateRun(TestRunner.java:829)
	at org.testng.TestRunner.run(TestRunner.java:602)
	at org.testng.SuiteRunner.runTest(SuiteRunner.java:437)
	at org.testng.SuiteRunner.runSequentially(SuiteRunner.java:431)
	at org.testng.SuiteRunner.privateRun(SuiteRunner.java:391)
	at org.testng.SuiteRunner.run(SuiteRunner.java:330)
	at org.testng.SuiteRunnerWorker.runSuite(SuiteRunnerWorker.java:52)
	at org.testng.SuiteRunnerWorker.run(SuiteRunnerWorker.java:95)
	at org.testng.TestNG.runSuitesSequentially(TestNG.java:1256)
	at org.testng.TestNG.runSuitesLocally(TestNG.java:1176)
	at org.testng.TestNG.runSuites(TestNG.java:1099)
	at org.testng.TestNG.run(TestNG.java:1067)
	at com.intellij.rt.testng.IDEARemoteTestNG.run(IDEARemoteTestNG.java:66)
	at com.intellij.rt.testng.RemoteTestNGStarter.main(RemoteTestNGStarter.java:109)
</div>
</div>
<p class="totop"><a href="#summary">back to summary</a></p>
<h2 id="m2">testNG.secondTestCase:searchCustomer</h2>
<div>
<div class="stacktrace">java.lang.AssertionError: expected [2] but found [1]
	at org.testng.Assert.fail(Assert.java:110)
	at org.testng.Assert.failNotEquals(Assert.java:1577)
	at org.testng.Assert.assertEqualsImpl(Assert.java:149)
	at org.testng.Assert.assertEquals(Assert.java:131)
	at org.testng.Assert.assertEquals(Assert.java:1418)
	at org.testng.Assert.assertEquals(Assert.java:1382)
	at org.testng.Assert.assertEquals(Assert.java:1428)
	at testNG.secondTestCase.searchCustomer(secondTestCase.java:16)
	at java.base/jdk.internal.reflect.DirectMethodHandleAccessor.invoke(DirectMethodHandleAccessor.java:104)
	at java.base/java.lang.reflect.Method.invoke(Method.java:577)
	at org.testng.internal.invokers.MethodInvocationHelper.invokeMethod(MethodInvocationHelper.java:139)
	at org.testng.internal.invokers.TestInvoker.invokeMethod(TestInvoker.java:677)
	at org.testng.internal.invokers.TestInvoker.invokeTestMethod(TestInvoker.java:221)
	at org.testng.internal.invokers.MethodRunner.runInSequence(MethodRunner.java:50)
	at org.testng.internal.invokers.TestInvoker$MethodInvocationAgent.invoke(TestInvoker.java:969)
	at org.testng.internal.invokers.TestInvoker.invokeTestMethods(TestInvoker.java:194)
	at org.testng.internal.invokers.TestMethodWorker.invokeTestMethods(TestMethodWorker.java:148)
	at org.testng.internal.invokers.TestMethodWorker.run(TestMethodWorker.java:128)
	at java.base/java.util.ArrayList.forEach(ArrayList.java:1511)
	at org.testng.TestRunner.privateRun(TestRunner.java:829)
	at org.testng.TestRunner.run(TestRunner.java:602)
	at org.testng.SuiteRunner.runTest(SuiteRunner.java:437)
	at org.testng.SuiteRunner.runSequentially(SuiteRunner.java:431)
	at org.testng.SuiteRunner.privateRun(SuiteRunner.java:391)
	at org.testng.SuiteRunner.run(SuiteRunner.java:330)
	at org.testng.SuiteRunnerWorker.runSuite(SuiteRunnerWorker.java:52)
	at org.testng.SuiteRunnerWorker.run(SuiteRunnerWorker.java:95)
	at org.testng.TestNG.runSuitesSequentially(TestNG.java:1256)
	at org.testng.TestNG.runSuitesLocally(TestNG.java:1176)
	at org.testng.TestNG.runSuites(TestNG.java:1099)
	at org.testng.TestNG.run(TestNG.java:1067)
	at com.intellij.rt.testng.IDEARemoteTestNG.run(IDEARemoteTestNG.java:66)
	at com.intellij.rt.testng.RemoteTestNGStarter.main(RemoteTestNGStarter.java:109)
</div>
</div>
<p class="totop"><a href="#summary">back to summary</a></p>
<h2 id="m3">testNG.firstTestCase:login</h2>
<p class="totop"><a href="#summary">back to summary</a></p>
<h2 id="m4">testNG.secondTestCase:addCustomer</h2>
<p class="totop"><a href="#summary">back to summary</a></p>
<h2 id="m5">testNG.firstTestCase:setup</h2>
<p class="totop"><a href="#summary">back to summary</a></p>
<h2 id="m6">testNG.firstTestCase:teerDown</h2>
<p class="totop"><a href="#summary">back to summary</a></p>
<h2 id="m7">testNG.firstTestCase:testfive</h2>
<p class="totop"><a href="#summary">back to summary</a></p>
<h2 id="m8">testNG.firstTestCase:testsix</h2>
<p class="totop"><a href="#summary">back to summary</a></p>
<h2 id="m9">testNG.secondTestCase:deleteCustomer</h2>
<p class="totop"><a href="#summary">back to summary</a></p>
</body></html>
